<?xml version="1.0" encoding="UTF-8"?>
<!-- Generated by org.testng.reporters.JUnitXMLReporter -->
<testsuite hostname="USER-PC" name="Test" tests="27" failures="0" timestamp="22 Aug 2018 10:57:55 GMT" time="10.186" errors="0">
  <testcase name="OrangeHRM" time="0.007" classname="testNGPackage.Class1"/>
  <testcase name="Launch_Application" time="9.893" classname="testNGPackage.TestNGDepencencys"/>
  <testcase name="Facebook" time="0.003" classname="testNGPackage.Class2"/>
  <testcase name="Facebook1" time="0.003" classname="testNGPackage.Class2"/>
  <testcase name="EnterUsername" time="0.147" classname="testNGPackage.TestNGDepencencys"/>
  <testcase name="TC102Facebook" time="0.004" classname="testNGPackage.FirstTestNGCLASS"/>
  <testcase name="TC101OrangeHRM" time="0.003" classname="testNGPackage.FirstTestNGCLASS"/>
  <testcase name="Close" time="0.009" classname="testNGPackage.TestNGDepencencys"/>
  <testcase name="test" time="0.0" classname="testNGPackage.TestNGAnnations"/>
  <testcase name="test1" time="0.001" classname="testNGPackage.TestNGGrouping"/>
  <testcase name="test2" time="0.006" classname="testNGPackage.TestNGGrouping"/>
  <testcase name="test3" time="0.001" classname="testNGPackage.TestNGGrouping"/>
  <testcase name="test1" time="0.001" classname="testNGPackage.TestNGinvication"/>
  <testcase name="test1" time="0.002" classname="testNGPackage.TestNGinvication"/>
  <testcase name="test1" time="0.0" classname="testNGPackage.TestNGinvication"/>
  <testcase name="test1" time="0.001" classname="testNGPackage.TestNGinvication"/>
  <testcase name="test1" time="0.001" classname="testNGPackage.TestNGinvication"/>
  <testcase name="test1" time="0.001" classname="testNGPackage.TestNGinvication"/>
  <testcase name="test1" time="0.004" classname="testNGPackage.TestNGinvication"/>
  <testcase name="test1" time="0.001" classname="testNGPackage.TestNGinvication"/>
  <testcase name="test1" time="0.001" classname="testNGPackage.TestNGinvication"/>
  <testcase name="test1" time="0.001" classname="testNGPackage.TestNGinvication"/>
  <testcase name="launchApplication" time="0.0" classname="testNGPackage.TestngParameter">
    <skipped/>
  </testcase> <!-- launchApplication -->
  <testcase name="ABC" time="0.001" classname="testNGPackage.TestNGPriority"/>
  <testcase name="abc" time="0.001" classname="testNGPackage.TestNGPriority"/>
  <testcase name="xyz" time="0.001" classname="testNGPackage.TestNGPriority"/>
  <testcase name="XYZ" time="0.001" classname="testNGPackage.TestNGPriority"/>
</testsuite> <!-- Test -->
