<?xml version="1.0" encoding="UTF-8"?>
<testng-results skipped="0" failed="0" total="1" passed="1">
  <reporter-output>
  </reporter-output>
  <suite name="Default suite" duration-ms="43715" started-at="2018-08-27T11:51:56Z" finished-at="2018-08-27T11:52:40Z">
    <groups>
    </groups>
    <test name="Default test" duration-ms="43715" started-at="2018-08-27T11:51:56Z" finished-at="2018-08-27T11:52:40Z">
      <class name="POMFramework.RunnerClass">
        <test-method status="PASS" signature="TC101()[pri:0, instance:POMFramework.RunnerClass@6d8a00e3]" name="TC101" duration-ms="43477" started-at="2018-08-27T07:51:57Z" finished-at="2018-08-27T07:52:40Z">
          <reporter-output>
          </reporter-output>
        </test-method> <!-- TC101 -->
      </class> <!-- POMFramework.RunnerClass -->
    </test> <!-- Default test -->
  </suite> <!-- Default suite -->
</testng-results>
