<?xml version="1.0" encoding="UTF-8"?>
<testng-results skipped="1" failed="0" total="27" passed="26">
  <reporter-output>
  </reporter-output>
  <suite name="Suite" duration-ms="10186" started-at="2018-08-22T10:57:45Z" finished-at="2018-08-22T10:57:55Z">
    <groups>
      <group name="Sanity">
        <method signature="TestNGGrouping.test2()[pri:0, instance:testNGPackage.TestNGGrouping@643b1d11]" name="test2" class="testNGPackage.TestNGGrouping"/>
      </group> <!-- Sanity -->
      <group name="smoke">
        <method signature="TestNGGrouping.test1()[pri:0, instance:testNGPackage.TestNGGrouping@643b1d11]" name="test1" class="testNGPackage.TestNGGrouping"/>
        <method signature="TestNGGrouping.test3()[pri:0, instance:testNGPackage.TestNGGrouping@643b1d11]" name="test3" class="testNGPackage.TestNGGrouping"/>
      </group> <!-- smoke -->
    </groups>
    <test name="Test" duration-ms="10186" started-at="2018-08-22T10:57:45Z" finished-at="2018-08-22T10:57:55Z">
      <class name="testNGPackage.TestNGGrouping">
        <test-method status="PASS" signature="test1()[pri:0, instance:testNGPackage.TestNGGrouping@643b1d11]" name="test1" duration-ms="1" started-at="2018-08-22T16:27:55Z" finished-at="2018-08-22T16:27:55Z">
          <reporter-output>
          </reporter-output>
        </test-method> <!-- test1 -->
        <test-method status="PASS" signature="test2()[pri:0, instance:testNGPackage.TestNGGrouping@643b1d11]" name="test2" duration-ms="6" started-at="2018-08-22T16:27:55Z" finished-at="2018-08-22T16:27:55Z">
          <reporter-output>
          </reporter-output>
        </test-method> <!-- test2 -->
        <test-method status="PASS" signature="test3()[pri:0, instance:testNGPackage.TestNGGrouping@643b1d11]" name="test3" duration-ms="1" started-at="2018-08-22T16:27:55Z" finished-at="2018-08-22T16:27:55Z">
          <reporter-output>
          </reporter-output>
        </test-method> <!-- test3 -->
      </class> <!-- testNGPackage.TestNGGrouping -->
      <class name="testNGPackage.Class2">
        <test-method status="PASS" signature="launching()[pri:0, instance:testNGPackage.Class2@56f4468b]" name="launching" is-config="true" duration-ms="1" started-at="2018-08-22T16:27:55Z" finished-at="2018-08-22T16:27:55Z">
          <reporter-output>
          </reporter-output>
        </test-method> <!-- launching -->
        <test-method status="PASS" signature="Facebook()[pri:0, instance:testNGPackage.Class2@56f4468b]" name="Facebook" duration-ms="3" started-at="2018-08-22T16:27:55Z" finished-at="2018-08-22T16:27:55Z">
          <reporter-output>
          </reporter-output>
        </test-method> <!-- Facebook -->
        <test-method status="PASS" signature="Facebook1()[pri:0, instance:testNGPackage.Class2@56f4468b]" name="Facebook1" duration-ms="3" started-at="2018-08-22T16:27:55Z" finished-at="2018-08-22T16:27:55Z">
          <reporter-output>
          </reporter-output>
        </test-method> <!-- Facebook1 -->
        <test-method status="PASS" signature="launching()[pri:0, instance:testNGPackage.Class2@56f4468b]" name="launching" is-config="true" duration-ms="0" started-at="2018-08-22T16:27:55Z" finished-at="2018-08-22T16:27:55Z">
          <reporter-output>
          </reporter-output>
        </test-method> <!-- launching -->
        <test-method status="PASS" signature="CloseApp()[pri:0, instance:testNGPackage.Class2@56f4468b]" name="CloseApp" is-config="true" duration-ms="0" started-at="2018-08-22T16:27:55Z" finished-at="2018-08-22T16:27:55Z">
          <reporter-output>
          </reporter-output>
        </test-method> <!-- CloseApp -->
        <test-method status="PASS" signature="CloseApp()[pri:0, instance:testNGPackage.Class2@56f4468b]" name="CloseApp" is-config="true" duration-ms="0" started-at="2018-08-22T16:27:55Z" finished-at="2018-08-22T16:27:55Z">
          <reporter-output>
          </reporter-output>
        </test-method> <!-- CloseApp -->
      </class> <!-- testNGPackage.Class2 -->
      <class name="testNGPackage.Class1">
        <test-method status="PASS" signature="launching()[pri:0, instance:testNGPackage.Class1@5d5eef3d]" name="launching" is-config="true" duration-ms="1" started-at="2018-08-22T16:27:45Z" finished-at="2018-08-22T16:27:45Z">
          <reporter-output>
          </reporter-output>
        </test-method> <!-- launching -->
        <test-method status="PASS" signature="OrangeHRM()[pri:0, instance:testNGPackage.Class1@5d5eef3d]" name="OrangeHRM" duration-ms="7" started-at="2018-08-22T16:27:45Z" finished-at="2018-08-22T16:27:45Z">
          <reporter-output>
          </reporter-output>
        </test-method> <!-- OrangeHRM -->
        <test-method status="PASS" signature="CloseApp()[pri:0, instance:testNGPackage.Class1@5d5eef3d]" name="CloseApp" is-config="true" duration-ms="0" started-at="2018-08-22T16:27:45Z" finished-at="2018-08-22T16:27:45Z">
          <reporter-output>
          </reporter-output>
        </test-method> <!-- CloseApp -->
      </class> <!-- testNGPackage.Class1 -->
      <class name="testNGPackage.TestNGinvication">
        <test-method status="PASS" signature="test1()[pri:0, instance:testNGPackage.TestNGinvication@2ef5e5e3]" name="test1" duration-ms="1" started-at="2018-08-22T16:27:55Z" finished-at="2018-08-22T16:27:55Z">
          <reporter-output>
          </reporter-output>
        </test-method> <!-- test1 -->
        <test-method status="PASS" signature="test1()[pri:0, instance:testNGPackage.TestNGinvication@2ef5e5e3]" name="test1" duration-ms="2" started-at="2018-08-22T16:27:55Z" finished-at="2018-08-22T16:27:55Z">
          <reporter-output>
          </reporter-output>
        </test-method> <!-- test1 -->
        <test-method status="PASS" signature="test1()[pri:0, instance:testNGPackage.TestNGinvication@2ef5e5e3]" name="test1" duration-ms="0" started-at="2018-08-22T16:27:55Z" finished-at="2018-08-22T16:27:55Z">
          <reporter-output>
          </reporter-output>
        </test-method> <!-- test1 -->
        <test-method status="PASS" signature="test1()[pri:0, instance:testNGPackage.TestNGinvication@2ef5e5e3]" name="test1" duration-ms="1" started-at="2018-08-22T16:27:55Z" finished-at="2018-08-22T16:27:55Z">
          <reporter-output>
          </reporter-output>
        </test-method> <!-- test1 -->
        <test-method status="PASS" signature="test1()[pri:0, instance:testNGPackage.TestNGinvication@2ef5e5e3]" name="test1" duration-ms="1" started-at="2018-08-22T16:27:55Z" finished-at="2018-08-22T16:27:55Z">
          <reporter-output>
          </reporter-output>
        </test-method> <!-- test1 -->
        <test-method status="PASS" signature="test1()[pri:0, instance:testNGPackage.TestNGinvication@2ef5e5e3]" name="test1" duration-ms="1" started-at="2018-08-22T16:27:55Z" finished-at="2018-08-22T16:27:55Z">
          <reporter-output>
          </reporter-output>
        </test-method> <!-- test1 -->
        <test-method status="PASS" signature="test1()[pri:0, instance:testNGPackage.TestNGinvication@2ef5e5e3]" name="test1" duration-ms="4" started-at="2018-08-22T16:27:55Z" finished-at="2018-08-22T16:27:55Z">
          <reporter-output>
          </reporter-output>
        </test-method> <!-- test1 -->
        <test-method status="PASS" signature="test1()[pri:0, instance:testNGPackage.TestNGinvication@2ef5e5e3]" name="test1" duration-ms="1" started-at="2018-08-22T16:27:55Z" finished-at="2018-08-22T16:27:55Z">
          <reporter-output>
          </reporter-output>
        </test-method> <!-- test1 -->
        <test-method status="PASS" signature="test1()[pri:0, instance:testNGPackage.TestNGinvication@2ef5e5e3]" name="test1" duration-ms="1" started-at="2018-08-22T16:27:55Z" finished-at="2018-08-22T16:27:55Z">
          <reporter-output>
          </reporter-output>
        </test-method> <!-- test1 -->
        <test-method status="PASS" signature="test1()[pri:0, instance:testNGPackage.TestNGinvication@2ef5e5e3]" name="test1" duration-ms="1" started-at="2018-08-22T16:27:55Z" finished-at="2018-08-22T16:27:55Z">
          <reporter-output>
          </reporter-output>
        </test-method> <!-- test1 -->
      </class> <!-- testNGPackage.TestNGinvication -->
      <class name="testNGPackage.TestNGDepencencys">
        <test-method status="PASS" signature="Launch_Application()[pri:2, instance:testNGPackage.TestNGDepencencys@3a82f6ef]" name="Launch_Application" duration-ms="9893" started-at="2018-08-22T16:27:45Z" finished-at="2018-08-22T16:27:55Z">
          <reporter-output>
          </reporter-output>
        </test-method> <!-- Launch_Application -->
        <test-method status="PASS" signature="EnterUsername()[pri:1, instance:testNGPackage.TestNGDepencencys@3a82f6ef]" name="EnterUsername" duration-ms="147" started-at="2018-08-22T16:27:55Z" depends-on-methods="testNGPackage.TestNGDepencencys.Launch_Application" finished-at="2018-08-22T16:27:55Z">
          <reporter-output>
          </reporter-output>
        </test-method> <!-- EnterUsername -->
        <test-method status="PASS" signature="Close()[pri:3, instance:testNGPackage.TestNGDepencencys@3a82f6ef]" name="Close" duration-ms="9" started-at="2018-08-22T16:27:55Z" depends-on-methods="testNGPackage.TestNGDepencencys.EnterUsername" finished-at="2018-08-22T16:27:55Z">
          <reporter-output>
          </reporter-output>
        </test-method> <!-- Close -->
      </class> <!-- testNGPackage.TestNGDepencencys -->
      <class name="testNGPackage.TestNGPriority">
        <test-method status="PASS" signature="ABC()[pri:-3, instance:testNGPackage.TestNGPriority@6d00a15d]" name="ABC" duration-ms="1" started-at="2018-08-22T16:27:55Z" finished-at="2018-08-22T16:27:55Z">
          <reporter-output>
          </reporter-output>
        </test-method> <!-- ABC -->
        <test-method status="PASS" signature="abc()[pri:0, instance:testNGPackage.TestNGPriority@6d00a15d]" name="abc" duration-ms="1" started-at="2018-08-22T16:27:55Z" finished-at="2018-08-22T16:27:55Z">
          <reporter-output>
          </reporter-output>
        </test-method> <!-- abc -->
        <test-method status="PASS" signature="xyz()[pri:2, instance:testNGPackage.TestNGPriority@6d00a15d]" name="xyz" duration-ms="1" started-at="2018-08-22T16:27:55Z" finished-at="2018-08-22T16:27:55Z">
          <reporter-output>
          </reporter-output>
        </test-method> <!-- xyz -->
        <test-method status="PASS" signature="XYZ()[pri:4, instance:testNGPackage.TestNGPriority@6d00a15d]" name="XYZ" duration-ms="1" started-at="2018-08-22T16:27:55Z" finished-at="2018-08-22T16:27:55Z">
          <reporter-output>
          </reporter-output>
        </test-method> <!-- XYZ -->
      </class> <!-- testNGPackage.TestNGPriority -->
      <class name="testNGPackage.TestNGAnnations">
        <test-method status="PASS" signature="BS()[pri:0, instance:testNGPackage.TestNGAnnations@23ceabc1]" name="BS" is-config="true" duration-ms="8" started-at="2018-08-22T16:27:45Z" finished-at="2018-08-22T16:27:45Z">
          <reporter-output>
          </reporter-output>
        </test-method> <!-- BS -->
        <test-method status="PASS" signature="BT()[pri:0, instance:testNGPackage.TestNGAnnations@23ceabc1]" name="BT" is-config="true" duration-ms="0" started-at="2018-08-22T16:27:45Z" finished-at="2018-08-22T16:27:45Z">
          <reporter-output>
          </reporter-output>
        </test-method> <!-- BT -->
        <test-method status="PASS" signature="BC()[pri:0, instance:testNGPackage.TestNGAnnations@23ceabc1]" name="BC" is-config="true" duration-ms="0" started-at="2018-08-22T16:27:55Z" finished-at="2018-08-22T16:27:55Z">
          <reporter-output>
          </reporter-output>
        </test-method> <!-- BC -->
        <test-method status="PASS" signature="BM()[pri:0, instance:testNGPackage.TestNGAnnations@23ceabc1]" name="BM" is-config="true" duration-ms="0" started-at="2018-08-22T16:27:55Z" finished-at="2018-08-22T16:27:55Z">
          <reporter-output>
          </reporter-output>
        </test-method> <!-- BM -->
        <test-method status="PASS" signature="test()[pri:0, instance:testNGPackage.TestNGAnnations@23ceabc1]" name="test" duration-ms="0" started-at="2018-08-22T16:27:55Z" finished-at="2018-08-22T16:27:55Z">
          <reporter-output>
          </reporter-output>
        </test-method> <!-- test -->
        <test-method status="PASS" signature="AC()[pri:0, instance:testNGPackage.TestNGAnnations@23ceabc1]" name="AC" is-config="true" duration-ms="0" started-at="2018-08-22T16:27:55Z" finished-at="2018-08-22T16:27:55Z">
          <reporter-output>
          </reporter-output>
        </test-method> <!-- AC -->
        <test-method status="PASS" signature="AM()[pri:0, instance:testNGPackage.TestNGAnnations@23ceabc1]" name="AM" is-config="true" duration-ms="0" started-at="2018-08-22T16:27:55Z" finished-at="2018-08-22T16:27:55Z">
          <reporter-output>
          </reporter-output>
        </test-method> <!-- AM -->
        <test-method status="PASS" signature="AT()[pri:0, instance:testNGPackage.TestNGAnnations@23ceabc1]" name="AT" is-config="true" duration-ms="0" started-at="2018-08-22T16:27:55Z" finished-at="2018-08-22T16:27:55Z">
          <reporter-output>
          </reporter-output>
        </test-method> <!-- AT -->
        <test-method status="PASS" signature="AS()[pri:0, instance:testNGPackage.TestNGAnnations@23ceabc1]" name="AS" is-config="true" duration-ms="0" started-at="2018-08-22T16:27:55Z" finished-at="2018-08-22T16:27:55Z">
          <reporter-output>
          </reporter-output>
        </test-method> <!-- AS -->
      </class> <!-- testNGPackage.TestNGAnnations -->
      <class name="testNGPackage.FirstTestNGCLASS">
        <test-method status="PASS" signature="launchingApplication()[pri:0, instance:testNGPackage.FirstTestNGCLASS@6cc4c815]" name="launchingApplication" is-config="true" duration-ms="1" started-at="2018-08-22T16:27:55Z" finished-at="2018-08-22T16:27:55Z">
          <reporter-output>
          </reporter-output>
        </test-method> <!-- launchingApplication -->
        <test-method status="PASS" signature="TC102Facebook()[pri:0, instance:testNGPackage.FirstTestNGCLASS@6cc4c815]" name="TC102Facebook" duration-ms="4" started-at="2018-08-22T16:27:55Z" finished-at="2018-08-22T16:27:55Z">
          <reporter-output>
          </reporter-output>
        </test-method> <!-- TC102Facebook -->
        <test-method status="PASS" signature="TC101OrangeHRM()[pri:0, instance:testNGPackage.FirstTestNGCLASS@6cc4c815]" name="TC101OrangeHRM" duration-ms="3" started-at="2018-08-22T16:27:55Z" finished-at="2018-08-22T16:27:55Z">
          <reporter-output>
          </reporter-output>
        </test-method> <!-- TC101OrangeHRM -->
        <test-method status="PASS" signature="close()[pri:0, instance:testNGPackage.FirstTestNGCLASS@6cc4c815]" name="close" is-config="true" duration-ms="0" started-at="2018-08-22T16:27:55Z" finished-at="2018-08-22T16:27:55Z">
          <reporter-output>
          </reporter-output>
        </test-method> <!-- close -->
        <test-method status="PASS" signature="launchingApplication()[pri:0, instance:testNGPackage.FirstTestNGCLASS@6cc4c815]" name="launchingApplication" is-config="true" duration-ms="0" started-at="2018-08-22T16:27:55Z" finished-at="2018-08-22T16:27:55Z">
          <reporter-output>
          </reporter-output>
        </test-method> <!-- launchingApplication -->
        <test-method status="PASS" signature="close()[pri:0, instance:testNGPackage.FirstTestNGCLASS@6cc4c815]" name="close" is-config="true" duration-ms="1" started-at="2018-08-22T16:27:55Z" finished-at="2018-08-22T16:27:55Z">
          <reporter-output>
          </reporter-output>
        </test-method> <!-- close -->
      </class> <!-- testNGPackage.FirstTestNGCLASS -->
      <class name="testNGPackage.TestngParameter">
        <test-method status="SKIP" signature="launchApplication(java.lang.String)[pri:0, instance:testNGPackage.TestngParameter@36d4b5c]" name="launchApplication" duration-ms="0" started-at="2018-08-22T16:27:55Z" finished-at="2018-08-22T16:27:55Z">
          <exception class="org.testng.TestNGException">
            <message>
              <![CDATA[
Parameter 'Browser' is required by @Test on method launchApplication but has not been marked @Optional or defined
in C:\Users\USER\git\Selenium_Online_July_23_2018\Parallel.xml]]>
            </message>
            <full-stacktrace>
              <![CDATA[org.testng.TestNGException: 
Parameter 'Browser' is required by @Test on method launchApplication but has not been marked @Optional or defined
in C:\Users\USER\git\Selenium_Online_July_23_2018\Parallel.xml
	at org.testng.internal.Parameters.createParameters(Parameters.java:154)
	at org.testng.internal.Parameters.createParameters(Parameters.java:361)
	at org.testng.internal.Parameters.handleParameters(Parameters.java:451)
	at org.testng.internal.Invoker.handleParameters(Invoker.java:1270)
	at org.testng.internal.Invoker.createParameters(Invoker.java:985)
	at org.testng.internal.Invoker.invokeTestMethods(Invoker.java:1075)
	at org.testng.internal.TestMethodWorker.invokeTestMethods(TestMethodWorker.java:125)
	at org.testng.internal.TestMethodWorker.run(TestMethodWorker.java:108)
	at org.testng.TestRunner.privateRun(TestRunner.java:774)
	at org.testng.TestRunner.run(TestRunner.java:624)
	at org.testng.SuiteRunner.runTest(SuiteRunner.java:359)
	at org.testng.SuiteRunner.runSequentially(SuiteRunner.java:354)
	at org.testng.SuiteRunner.privateRun(SuiteRunner.java:312)
	at org.testng.SuiteRunner.run(SuiteRunner.java:261)
	at org.testng.SuiteRunnerWorker.runSuite(SuiteRunnerWorker.java:52)
	at org.testng.SuiteRunnerWorker.run(SuiteRunnerWorker.java:86)
	at org.testng.TestNG.runSuitesSequentially(TestNG.java:1215)
	at org.testng.TestNG.runSuitesLocally(TestNG.java:1140)
	at org.testng.TestNG.run(TestNG.java:1048)
	at org.testng.remote.AbstractRemoteTestNG.run(AbstractRemoteTestNG.java:114)
	at org.testng.remote.RemoteTestNG.initAndRun(RemoteTestNG.java:251)
	at org.testng.remote.RemoteTestNG.main(RemoteTestNG.java:77)
]]>
            </full-stacktrace>
          </exception> <!-- org.testng.TestNGException -->
          <reporter-output>
          </reporter-output>
        </test-method> <!-- launchApplication -->
      </class> <!-- testNGPackage.TestngParameter -->
    </test> <!-- Test -->
  </suite> <!-- Suite -->
</testng-results>
